[flixtv.volkovdesign.com/admin/index.html]
[flixtv.volkovdesign.com/admin/css/bootstrap-reboot.min.css]
[flixtv.volkovdesign.com/admin/css/bootstrap-grid.min.css]
[flixtv.volkovdesign.com/admin/css/magnific-popup.css]
[flixtv.volkovdesign.com/admin/css/select2.min.css]
[flixtv.volkovdesign.com/admin/css/admin.css]
[flixtv.volkovdesign.com/admin/icon/favicon-32x32.png]
[backblue.gif]
[fade.gif]
[index.html]
[flixtv.volkovdesign.com/admin/img/logo.svg]
[flixtv.volkovdesign.com/admin/catalog.html]
[flixtv.volkovdesign.com/admin/add-item.html]
[flixtv.volkovdesign.com/admin/edit-user.html]
[flixtv.volkovdesign.com/admin/signin.html]
[flixtv.volkovdesign.com/admin/signup.html]
[flixtv.volkovdesign.com/admin/forgot.html]
[flixtv.volkovdesign.com/admin/users.html]
[flixtv.volkovdesign.com/admin/comments.html]
[flixtv.volkovdesign.com/admin/reviews.html]
[flixtv.volkovdesign.com/admin/js/jquery-3.5.1.min.js]
[flixtv.volkovdesign.com/admin/js/bootstrap.bundle.min.js]
[flixtv.volkovdesign.com/admin/js/jquery.magnific-popup.min.js]
[flixtv.volkovdesign.com/admin/js/smooth-scrollbar.js]
[flixtv.volkovdesign.com/admin/js/select2.min.js]
[flixtv.volkovdesign.com/admin/index.html]
[flixtv.volkovdesign.com/admin/css/bootstrap-reboot.min.css]
[flixtv.volkovdesign.com/admin/css/bootstrap-grid.min.css]
[flixtv.volkovdesign.com/admin/css/magnific-popup.css]
[flixtv.volkovdesign.com/admin/css/select2.min.css]
[flixtv.volkovdesign.com/admin/js/admin.js]
[flixtv.volkovdesign.com/admin/css/admin.css]
[flixtv.volkovdesign.com/admin/img/logo.svg]
[flixtv.volkovdesign.com/admin/img/user.svg]
[flixtv.volkovdesign.com/admin/catalog.html]
[flixtv.volkovdesign.com/admin/add-item.html]
[flixtv.volkovdesign.com/admin/edit-user.html]
[flixtv.volkovdesign.com/admin/img/bg.jpg]
[flixtv.volkovdesign.com/admin/signin.html]
[flixtv.volkovdesign.com/admin/signup.html]
[flixtv.volkovdesign.com/admin/forgot.html]
[flixtv.volkovdesign.com/admin/404.html]
[flixtv.volkovdesign.com/admin/users.html]
[flixtv.volkovdesign.com/admin/comments.html]
[flixtv.volkovdesign.com/admin/reviews.html]
[flixtv.volkovdesign.com/admin/img/link.svg]
[flixtv.volkovdesign.com/admin/img/video.svg]
[flixtv.volkovdesign.com/admin/img/img.svg]
[flixtv.volkovdesign.com/admin/img/checkmark.svg]
